[0m11:39:19.458690 [debug] [MainThread]: Sending event: {'category': 'dbt', 'action': 'invocation', 'label': 'start', 'context': [<snowplow_tracker.self_describing_json.SelfDescribingJson object at 0x000001B40DF0DFD0>, <snowplow_tracker.self_describing_json.SelfDescribingJson object at 0x000001B40AD07250>, <snowplow_tracker.self_describing_json.SelfDescribingJson object at 0x000001B4102A7ED0>]}


============================== 11:39:19.465613 | e034a86c-abb1-42e5-b83d-6fe27761896e ==============================
[0m11:39:19.465613 [info ] [MainThread]: Running with dbt=1.11.11
[0m11:39:19.466675 [debug] [MainThread]: running dbt with arguments {'version_check': 'True', 'no_print': 'None', 'static_parser': 'True', 'warn_error_options': 'WarnErrorOptionsV2(error=[], warn=[], silence=[])', 'target_path': 'None', 'printer_width': '80', 'write_json': 'True', 'introspect': 'True', 'log_cache_events': 'False', 'empty': 'None', 'cache_selected_only': 'False', 'log_format': 'default', 'debug': 'False', 'fail_fast': 'False', 'partial_parse': 'True', 'send_anonymous_usage_stats': 'True', 'quiet': 'False', 'warn_error': 'None', 'profiles_dir': 'C:\\Users\\LENOVO\\.dbt', 'indirect_selection': 'eager', 'use_colors': 'True', 'invocation_command': 'dbt init', 'use_experimental_parser': 'False', 'log_path': 'logs'}
[0m11:39:30.593034 [debug] [MainThread]: Starter project path: C:\Users\LENOVO\.projects\novatrade_analytics\.venv\Lib\site-packages\dbt\include\starter_project
[0m11:39:30.639190 [info ] [MainThread]: 
Your new dbt project "novatrade" was created!

For more information on how to configure the profiles.yml file,
please consult the dbt documentation here:

  https://docs.getdbt.com/docs/configure-your-profile

One more thing:

Need help? Don't hesitate to reach out to us via GitHub issues or on Slack:

  https://community.getdbt.com/

Happy modeling!

[0m11:39:30.639916 [info ] [MainThread]: Setting up your profile.
[0m11:41:38.183481 [info ] [MainThread]: Profile novatrade written to C:\Users\LENOVO\.dbt\profiles.yml using target's profile_template.yml and your supplied values. Run 'dbt debug' to validate the connection.
[0m11:41:38.185514 [debug] [MainThread]: Command `dbt init` succeeded at 11:41:38.185237 after 138.94 seconds
[0m11:41:38.186266 [debug] [MainThread]: Sending event: {'category': 'dbt', 'action': 'invocation', 'label': 'end', 'context': [<snowplow_tracker.self_describing_json.SelfDescribingJson object at 0x000001B4104A95B0>, <snowplow_tracker.self_describing_json.SelfDescribingJson object at 0x000001B41033E690>, <snowplow_tracker.self_describing_json.SelfDescribingJson object at 0x000001B4102F1AE0>]}
[0m11:41:38.187030 [debug] [MainThread]: Flushing usage events
[0m11:41:39.530427 [debug] [MainThread]: An error was encountered while trying to flush usage events
[0m11:48:25.010705 [debug] [MainThread]: Sending event: {'category': 'dbt', 'action': 'invocation', 'label': 'start', 'context': [<snowplow_tracker.self_describing_json.SelfDescribingJson object at 0x00000196CC07DFD0>, <snowplow_tracker.self_describing_json.SelfDescribingJson object at 0x00000196C8DB7250>, <snowplow_tracker.self_describing_json.SelfDescribingJson object at 0x00000196CE427ED0>]}


============================== 11:48:25.016233 | 6b246889-d0d7-4920-ba7e-f7af4336e259 ==============================
[0m11:48:25.016233 [info ] [MainThread]: Running with dbt=1.11.11
[0m11:48:25.017014 [debug] [MainThread]: running dbt with arguments {'static_parser': 'True', 'no_print': 'None', 'version_check': 'True', 'warn_error_options': 'WarnErrorOptionsV2(error=[], warn=[], silence=[])', 'target_path': 'None', 'printer_width': '80', 'write_json': 'True', 'introspect': 'True', 'log_cache_events': 'False', 'empty': 'None', 'cache_selected_only': 'False', 'log_format': 'default', 'debug': 'False', 'fail_fast': 'False', 'profiles_dir': 'C:\\Users\\LENOVO\\.dbt', 'send_anonymous_usage_stats': 'True', 'quiet': 'False', 'warn_error': 'None', 'partial_parse': 'True', 'indirect_selection': 'eager', 'invocation_command': 'dbt debug', 'use_colors': 'True', 'use_experimental_parser': 'False', 'log_path': 'logs'}
[0m11:48:25.050598 [info ] [MainThread]: dbt version: 1.11.11
[0m11:48:25.051270 [info ] [MainThread]: python version: 3.13.9
[0m11:48:25.051883 [info ] [MainThread]: python path: C:\Users\LENOVO\.projects\novatrade_analytics\.venv\Scripts\python.exe
[0m11:48:25.052678 [info ] [MainThread]: os info: Windows-11-10.0.26200-SP0
[0m11:48:25.062664 [info ] [MainThread]: Error importing adapter: No module named 'dbt.adapters.databricks'
[0m11:48:25.138679 [info ] [MainThread]: Using profiles dir at C:\Users\LENOVO\.dbt
[0m11:48:25.139362 [info ] [MainThread]: Using profiles.yml file at C:\Users\LENOVO\.dbt\profiles.yml
[0m11:48:25.140075 [info ] [MainThread]: Using dbt_project.yml file at C:\Users\LENOVO\.projects\novatrade_analytics\dbt_project.yml
[0m11:48:25.140712 [info ] [MainThread]: Configuration:
[0m11:48:25.141267 [info ] [MainThread]:   profiles.yml file [[31mERROR invalid[0m]
[0m11:48:25.141731 [info ] [MainThread]:   dbt_project.yml file [[31mERROR not found[0m]
[0m11:48:25.142409 [info ] [MainThread]: Required dependencies:
[0m11:48:25.143074 [debug] [MainThread]: Executing "git --help"
[0m11:48:25.171773 [debug] [MainThread]: STDOUT: "b"usage: git [-v | --version] [-h | --help] [-C <path>] [-c <name>=<value>]\n           [--exec-path[=<path>]] [--html-path] [--man-path] [--info-path]\n           [-p | --paginate | -P | --no-pager] [--no-replace-objects] [--no-lazy-fetch]\n           [--no-optional-locks] [--no-advice] [--bare] [--git-dir=<path>]\n           [--work-tree=<path>] [--namespace=<name>] [--config-env=<name>=<envvar>]\n           <command> [<args>]\n\nThese are common Git commands used in various situations:\n\nstart a working area (see also: git help tutorial)\n   clone      Clone a repository into a new directory\n   init       Create an empty Git repository or reinitialize an existing one\n\nwork on the current change (see also: git help everyday)\n   add        Add file contents to the index\n   mv         Move or rename a file, a directory, or a symlink\n   restore    Restore working tree files\n   rm         Remove files from the working tree and from the index\n\nexamine the history and state (see also: git help revisions)\n   bisect     Use binary search to find the commit that introduced a bug\n   diff       Show changes between commits, commit and working tree, etc\n   grep       Print lines matching a pattern\n   log        Show commit logs\n   show       Show various types of objects\n   status     Show the working tree status\n\ngrow, mark and tweak your common history\n   backfill   Download missing objects in a partial clone\n   branch     List, create, or delete branches\n   commit     Record changes to the repository\n   merge      Join two or more development histories together\n   rebase     Reapply commits on top of another base tip\n   reset      Reset current HEAD to the specified state\n   switch     Switch branches\n   tag        Create, list, delete or verify a tag object signed with GPG\n\ncollaborate (see also: git help workflows)\n   fetch      Download objects and refs from another repository\n   pull       Fetch from and integrate with another repository or a local branch\n   push       Update remote refs along with associated objects\n\n'git help -a' and 'git help -g' list available subcommands and some\nconcept guides. See 'git help <command>' or 'git help <concept>'\nto read about a specific subcommand or concept.\nSee 'git help git' for an overview of the system.\n""
[0m11:48:25.172428 [debug] [MainThread]: STDERR: "b''"
[0m11:48:25.172879 [info ] [MainThread]:  - git [[32mOK found[0m]

[0m11:48:25.173402 [info ] [MainThread]: Connection test skipped since no profile was found
[0m11:48:25.174044 [info ] [MainThread]: [31m2 checks failed:[0m
[0m11:48:25.174725 [info ] [MainThread]: Could not load dbt_project.yml
Profile loading failed for the following reason:
Runtime Error
  Credentials in profile "dbt_databricks", target "dev" invalid: Runtime Error
    Could not find adapter type databricks!


[0m11:48:25.175459 [info ] [MainThread]: Project loading failed for the following reason:
 project path <C:\Users\LENOVO\.projects\novatrade_analytics\dbt_project.yml> not found

[0m11:48:25.176801 [debug] [MainThread]: Command `dbt debug` failed at 11:48:25.176528 after 0.35 seconds
[0m11:48:25.177412 [debug] [MainThread]: Sending event: {'category': 'dbt', 'action': 'invocation', 'label': 'end', 'context': [<snowplow_tracker.self_describing_json.SelfDescribingJson object at 0x00000196CE5362C0>, <snowplow_tracker.self_describing_json.SelfDescribingJson object at 0x00000196CE6EAE70>, <snowplow_tracker.self_describing_json.SelfDescribingJson object at 0x00000196CE4739B0>]}
[0m11:48:25.178077 [debug] [MainThread]: Flushing usage events
[0m11:48:28.547114 [debug] [MainThread]: An error was encountered while trying to flush usage events
[0m18:08:21.104689 [debug] [MainThread]: Sending event: {'category': 'dbt', 'action': 'invocation', 'label': 'start', 'context': [<snowplow_tracker.self_describing_json.SelfDescribingJson object at 0x0000020117C91160>, <snowplow_tracker.self_describing_json.SelfDescribingJson object at 0x0000020118E0FED0>, <snowplow_tracker.self_describing_json.SelfDescribingJson object at 0x0000020118E0FB10>]}


============================== 18:08:21.112901 | 6292f5ca-8dbb-43a8-9cde-86f1419b77df ==============================
[0m18:08:21.112901 [info ] [MainThread]: Running with dbt=1.11.6
[0m18:08:21.113937 [debug] [MainThread]: running dbt with arguments {'write_json': 'True', 'no_print': 'None', 'profiles_dir': 'C:\\Users\\LENOVO\\.dbt', 'cache_selected_only': 'False', 'use_colors': 'True', 'warn_error': 'None', 'indirect_selection': 'eager', 'fail_fast': 'False', 'log_path': 'logs', 'send_anonymous_usage_stats': 'True', 'partial_parse': 'True', 'warn_error_options': 'WarnErrorOptionsV2(error=[], warn=[], silence=[])', 'static_parser': 'True', 'use_experimental_parser': 'False', 'version_check': 'True', 'introspect': 'True', 'quiet': 'False', 'empty': 'None', 'log_cache_events': 'False', 'debug': 'False', 'log_format': 'default', 'invocation_command': 'dbt source freshness', 'printer_width': '80', 'target_path': 'None'}
[0m18:08:21.114892 [error] [MainThread]: Encountered an error:
Runtime Error
  No dbt_project.yml found at expected path C:\Users\LENOVO\.projects\novatrade_analytics\dbt_project.yml
  Verify that each entry within packages.yml (and their transitive dependencies) contains a file named dbt_project.yml
  
[0m18:08:21.116491 [debug] [MainThread]: Command `dbt source freshness` failed at 18:08:21.116256 after 0.21 seconds
[0m18:08:21.117111 [debug] [MainThread]: Sending event: {'category': 'dbt', 'action': 'invocation', 'label': 'end', 'context': [<snowplow_tracker.self_describing_json.SelfDescribingJson object at 0x0000020118E0A650>, <snowplow_tracker.self_describing_json.SelfDescribingJson object at 0x0000020118CEE9F0>, <snowplow_tracker.self_describing_json.SelfDescribingJson object at 0x0000020118C8E250>]}
[0m18:08:21.117707 [debug] [MainThread]: Flushing usage events
[0m18:08:22.709439 [debug] [MainThread]: An error was encountered while trying to flush usage events
